2025/10/18 05:14:13 [notice] 1#1: using the "epoll" event method
2025/10/18 05:14:13 [notice] 1#1: nginx/1.29.2
2025/10/18 05:14:13 [notice] 1#1: built by gcc 14.2.0 (Debian 14.2.0-19) 
2025/10/18 05:14:13 [notice] 1#1: OS: Linux 6.12.38+kali-amd64
2025/10/18 05:14:13 [notice] 1#1: getrlimit(RLIMIT_NOFILE): 1073741816:1073741816
2025/10/18 05:14:13 [notice] 1#1: start worker processes
2025/10/18 05:14:13 [notice] 1#1: start worker process 19
2025/10/18 05:14:13 [notice] 1#1: start worker process 20
2025/10/18 05:14:13 [notice] 1#1: start worker process 21
2025/10/18 05:14:13 [notice] 1#1: start worker process 22
2025/10/18 05:37:09 [notice] 1#1: signal 3 (SIGQUIT) received, shutting down
2025/10/18 05:37:09 [notice] 19#19: gracefully shutting down
2025/10/18 05:37:09 [notice] 20#20: gracefully shutting down
2025/10/18 05:37:09 [notice] 19#19: exiting
2025/10/18 05:37:09 [notice] 20#20: exiting
2025/10/18 05:37:09 [notice] 19#19: exit
2025/10/18 05:37:09 [notice] 20#20: exit
2025/10/18 05:37:09 [notice] 21#21: gracefully shutting down
2025/10/18 05:37:09 [notice] 22#22: gracefully shutting down
2025/10/18 05:37:09 [notice] 21#21: exiting
2025/10/18 05:37:09 [notice] 22#22: exiting
2025/10/18 05:37:09 [notice] 21#21: exit
2025/10/18 05:37:09 [notice] 22#22: exit
2025/10/18 05:37:09 [notice] 1#1: signal 17 (SIGCHLD) received from 20
2025/10/18 05:37:09 [notice] 1#1: worker process 19 exited with code 0
2025/10/18 05:37:09 [notice] 1#1: worker process 20 exited with code 0
2025/10/18 05:37:09 [notice] 1#1: worker process 22 exited with code 0
2025/10/18 05:37:09 [notice] 1#1: signal 29 (SIGIO) received
2025/10/18 05:37:09 [notice] 1#1: signal 17 (SIGCHLD) received from 19
2025/10/18 05:37:09 [notice] 1#1: signal 17 (SIGCHLD) received from 21
2025/10/18 05:37:09 [notice] 1#1: worker process 21 exited with code 0
2025/10/18 05:37:09 [notice] 1#1: exit
2025/10/18 05:38:01 [notice] 1#1: using the "epoll" event method
2025/10/18 05:38:01 [notice] 1#1: nginx/1.29.2
2025/10/18 05:38:01 [notice] 1#1: built by gcc 14.2.0 (Debian 14.2.0-19) 
2025/10/18 05:38:01 [notice] 1#1: OS: Linux 6.12.38+kali-amd64
2025/10/18 05:38:01 [notice] 1#1: getrlimit(RLIMIT_NOFILE): 1073741816:1073741816
2025/10/18 05:38:01 [notice] 1#1: start worker processes
2025/10/18 05:38:01 [notice] 1#1: start worker process 20
2025/10/18 05:38:01 [notice] 1#1: start worker process 21
2025/10/18 05:38:01 [notice] 1#1: start worker process 22
2025/10/18 05:38:01 [notice] 1#1: start worker process 23
2025/10/18 05:58:50 [notice] 1#1: signal 3 (SIGQUIT) received, shutting down
2025/10/18 05:58:50 [notice] 20#20: gracefully shutting down
2025/10/18 05:58:50 [notice] 21#21: gracefully shutting down
2025/10/18 05:58:50 [notice] 22#22: gracefully shutting down
2025/10/18 05:58:50 [notice] 22#22: exiting
2025/10/18 05:58:50 [notice] 23#23: gracefully shutting down
2025/10/18 05:58:50 [notice] 23#23: exiting
2025/10/18 05:58:50 [notice] 20#20: exiting
2025/10/18 05:58:50 [notice] 23#23: exit
2025/10/18 05:58:50 [notice] 20#20: exit
2025/10/18 05:58:50 [notice] 22#22: exit
2025/10/18 05:58:50 [notice] 21#21: exiting
2025/10/18 05:58:50 [notice] 21#21: exit
2025/10/18 05:58:50 [notice] 1#1: signal 17 (SIGCHLD) received from 23
2025/10/18 05:58:50 [notice] 1#1: worker process 23 exited with code 0
2025/10/18 05:58:50 [notice] 1#1: signal 29 (SIGIO) received
2025/10/18 05:58:50 [notice] 1#1: signal 17 (SIGCHLD) received from 22
2025/10/18 05:58:50 [notice] 1#1: worker process 22 exited with code 0
2025/10/18 05:58:50 [notice] 1#1: signal 29 (SIGIO) received
2025/10/18 05:58:50 [notice] 1#1: signal 17 (SIGCHLD) received from 21
2025/10/18 05:58:50 [notice] 1#1: worker process 21 exited with code 0
2025/10/18 05:58:50 [notice] 1#1: signal 29 (SIGIO) received
2025/10/18 05:58:50 [notice] 1#1: signal 17 (SIGCHLD) received from 20
2025/10/18 05:58:50 [notice] 1#1: worker process 20 exited with code 0
2025/10/18 05:58:50 [notice] 1#1: exit
2025/10/18 05:58:59 [notice] 1#1: using the "epoll" event method
2025/10/18 05:58:59 [notice] 1#1: nginx/1.29.2
2025/10/18 05:58:59 [notice] 1#1: built by gcc 14.2.0 (Debian 14.2.0-19) 
2025/10/18 05:58:59 [notice] 1#1: OS: Linux 6.12.38+kali-amd64
2025/10/18 05:58:59 [notice] 1#1: getrlimit(RLIMIT_NOFILE): 1073741816:1073741816
2025/10/18 05:58:59 [notice] 1#1: start worker processes
2025/10/18 05:58:59 [notice] 1#1: start worker process 21
2025/10/18 05:58:59 [notice] 1#1: start worker process 22
2025/10/18 05:58:59 [notice] 1#1: start worker process 23
2025/10/18 05:58:59 [notice] 1#1: start worker process 24
2025/10/18 07:55:39 [notice] 1#1: signal 3 (SIGQUIT) received, shutting down
2025/10/18 07:55:39 [notice] 22#22: gracefully shutting down
2025/10/18 07:55:39 [notice] 22#22: exiting
2025/10/18 07:55:39 [notice] 23#23: gracefully shutting down
2025/10/18 07:55:39 [notice] 24#24: gracefully shutting down
2025/10/18 07:55:39 [notice] 23#23: exiting
2025/10/18 07:55:39 [notice] 22#22: exit
2025/10/18 07:55:39 [notice] 24#24: exiting
2025/10/18 07:55:39 [notice] 23#23: exit
2025/10/18 07:55:39 [notice] 24#24: exit
2025/10/18 07:55:39 [notice] 21#21: gracefully shutting down
2025/10/18 07:55:39 [notice] 21#21: exiting
2025/10/18 07:55:39 [notice] 21#21: exit
2025/10/18 07:55:39 [notice] 1#1: signal 17 (SIGCHLD) received from 22
2025/10/18 07:55:39 [notice] 1#1: worker process 22 exited with code 0
2025/10/18 07:55:39 [notice] 1#1: signal 29 (SIGIO) received
2025/10/18 07:55:39 [notice] 1#1: signal 17 (SIGCHLD) received from 23
2025/10/18 07:55:39 [notice] 1#1: worker process 23 exited with code 0
2025/10/18 07:55:39 [notice] 1#1: signal 29 (SIGIO) received
2025/10/18 07:55:39 [notice] 1#1: signal 17 (SIGCHLD) received from 21
2025/10/18 07:55:39 [notice] 1#1: worker process 21 exited with code 0
2025/10/18 07:55:39 [notice] 1#1: signal 29 (SIGIO) received
2025/10/18 07:55:39 [notice] 1#1: signal 17 (SIGCHLD) received from 24
2025/10/18 07:55:39 [notice] 1#1: worker process 24 exited with code 0
2025/10/18 07:55:39 [notice] 1#1: exit
2025/10/18 07:55:50 [notice] 1#1: using the "epoll" event method
2025/10/18 07:55:50 [notice] 1#1: nginx/1.29.2
2025/10/18 07:55:50 [notice] 1#1: built by gcc 14.2.0 (Debian 14.2.0-19) 
2025/10/18 07:55:50 [notice] 1#1: OS: Linux 6.12.38+kali-amd64
2025/10/18 07:55:50 [notice] 1#1: getrlimit(RLIMIT_NOFILE): 1073741816:1073741816
2025/10/18 07:55:50 [notice] 1#1: start worker processes
2025/10/18 07:55:50 [notice] 1#1: start worker process 21
2025/10/18 07:55:50 [notice] 1#1: start worker process 22
2025/10/18 07:55:50 [notice] 1#1: start worker process 23
2025/10/18 07:55:50 [notice] 1#1: start worker process 24
2025/10/18 07:55:56 [error] 21#21: *1 directory index of "/usr/share/nginx/html/" is forbidden, client: 172.17.0.1, server: localhost, request: "HEAD / HTTP/1.1", host: "localhost:8080"
2025/10/18 07:56:03 [error] 22#22: *2 directory index of "/usr/share/nginx/html/" is forbidden, client: 172.17.0.1, server: localhost, request: "HEAD / HTTP/1.1", host: "localhost:8080"
2025/10/18 07:58:59 [notice] 1#1: signal 3 (SIGQUIT) received, shutting down
2025/10/18 07:58:59 [notice] 22#22: gracefully shutting down
2025/10/18 07:58:59 [notice] 21#21: gracefully shutting down
2025/10/18 07:58:59 [notice] 23#23: gracefully shutting down
2025/10/18 07:58:59 [notice] 22#22: exiting
2025/10/18 07:58:59 [notice] 23#23: exiting
2025/10/18 07:58:59 [notice] 21#21: exiting
2025/10/18 07:58:59 [notice] 22#22: exit
2025/10/18 07:58:59 [notice] 21#21: exit
2025/10/18 07:58:59 [notice] 23#23: exit
2025/10/18 07:58:59 [notice] 24#24: gracefully shutting down
2025/10/18 07:58:59 [notice] 24#24: exiting
2025/10/18 07:58:59 [notice] 24#24: exit
2025/10/18 07:58:59 [notice] 1#1: signal 17 (SIGCHLD) received from 21
2025/10/18 07:58:59 [notice] 1#1: worker process 21 exited with code 0
2025/10/18 07:58:59 [notice] 1#1: signal 29 (SIGIO) received
2025/10/18 07:58:59 [notice] 1#1: signal 17 (SIGCHLD) received from 22
2025/10/18 07:58:59 [notice] 1#1: worker process 22 exited with code 0
2025/10/18 07:58:59 [notice] 1#1: worker process 24 exited with code 0
2025/10/18 07:58:59 [notice] 1#1: signal 29 (SIGIO) received
2025/10/18 07:58:59 [notice] 1#1: signal 17 (SIGCHLD) received from 24
2025/10/18 07:58:59 [notice] 1#1: signal 17 (SIGCHLD) received from 23
2025/10/18 07:58:59 [notice] 1#1: worker process 23 exited with code 0
2025/10/18 07:58:59 [notice] 1#1: exit
2025/10/18 07:59:04 [notice] 1#1: using the "epoll" event method
2025/10/18 07:59:04 [notice] 1#1: nginx/1.29.2
2025/10/18 07:59:04 [notice] 1#1: built by gcc 14.2.0 (Debian 14.2.0-19) 
2025/10/18 07:59:04 [notice] 1#1: OS: Linux 6.12.38+kali-amd64
2025/10/18 07:59:04 [notice] 1#1: getrlimit(RLIMIT_NOFILE): 1073741816:1073741816
2025/10/18 07:59:04 [notice] 1#1: start worker processes
2025/10/18 07:59:04 [notice] 1#1: start worker process 28
2025/10/18 07:59:04 [notice] 1#1: start worker process 29
2025/10/18 07:59:04 [notice] 1#1: start worker process 30
2025/10/18 07:59:04 [notice] 1#1: start worker process 31
2025/10/18 07:59:33 [error] 28#28: *1 directory index of "/usr/share/nginx/html/" is forbidden, client: 172.17.0.1, server: localhost, request: "HEAD / HTTP/1.1", host: "localhost:8080"
2025/10/18 07:59:36 [error] 29#29: *2 directory index of "/usr/share/nginx/html/" is forbidden, client: 172.17.0.1, server: localhost, request: "HEAD / HTTP/1.1", host: "localhost:8080"
2025/10/18 08:01:31 [notice] 1#1: signal 3 (SIGQUIT) received, shutting down
2025/10/18 08:01:31 [notice] 29#29: gracefully shutting down
2025/10/18 08:01:31 [notice] 28#28: gracefully shutting down
2025/10/18 08:01:31 [notice] 31#31: gracefully shutting down
2025/10/18 08:01:31 [notice] 29#29: exiting
2025/10/18 08:01:31 [notice] 28#28: exiting
2025/10/18 08:01:31 [notice] 31#31: exiting
2025/10/18 08:01:31 [notice] 29#29: exit
2025/10/18 08:01:31 [notice] 31#31: exit
2025/10/18 08:01:31 [notice] 28#28: exit
2025/10/18 08:01:31 [notice] 30#30: gracefully shutting down
2025/10/18 08:01:31 [notice] 30#30: exiting
2025/10/18 08:01:31 [notice] 30#30: exit
2025/10/18 08:01:31 [notice] 1#1: signal 17 (SIGCHLD) received from 31
2025/10/18 08:01:31 [notice] 1#1: worker process 31 exited with code 0
2025/10/18 08:01:31 [notice] 1#1: signal 29 (SIGIO) received
2025/10/18 08:01:31 [notice] 1#1: signal 17 (SIGCHLD) received from 28
2025/10/18 08:01:31 [notice] 1#1: worker process 28 exited with code 0
2025/10/18 08:01:31 [notice] 1#1: signal 29 (SIGIO) received
2025/10/18 08:01:31 [notice] 1#1: signal 17 (SIGCHLD) received from 29
2025/10/18 08:01:31 [notice] 1#1: worker process 29 exited with code 0
2025/10/18 08:01:31 [notice] 1#1: signal 29 (SIGIO) received
2025/10/18 08:01:31 [notice] 1#1: signal 17 (SIGCHLD) received from 30
2025/10/18 08:01:31 [notice] 1#1: worker process 30 exited with code 0
2025/10/18 08:01:31 [notice] 1#1: exit
2025/10/18 08:01:36 [notice] 1#1: using the "epoll" event method
2025/10/18 08:01:36 [notice] 1#1: nginx/1.29.2
2025/10/18 08:01:36 [notice] 1#1: built by gcc 14.2.0 (Debian 14.2.0-19) 
2025/10/18 08:01:36 [notice] 1#1: OS: Linux 6.12.38+kali-amd64
2025/10/18 08:01:36 [notice] 1#1: getrlimit(RLIMIT_NOFILE): 1073741816:1073741816
2025/10/18 08:01:36 [notice] 1#1: start worker processes
2025/10/18 08:01:36 [notice] 1#1: start worker process 28
2025/10/18 08:01:36 [notice] 1#1: start worker process 29
2025/10/18 08:01:36 [notice] 1#1: start worker process 30
2025/10/18 08:01:36 [notice] 1#1: start worker process 31
2025/10/18 08:04:38 [error] 29#29: *2 open() "/usr/share/nginx/html/favicon.ico" failed (2: No such file or directory), client: 172.17.0.1, server: localhost, request: "GET /favicon.ico HTTP/1.1", host: "localhost:8080", referrer: "http://localhost:8080/"
2025/10/18 15:57:22 [notice] 1#1: using the "epoll" event method
2025/10/18 15:57:22 [notice] 1#1: nginx/1.29.2
2025/10/18 15:57:22 [notice] 1#1: built by gcc 14.2.0 (Debian 14.2.0-19) 
2025/10/18 15:57:22 [notice] 1#1: OS: Linux 6.14.0-33-generic
2025/10/18 15:57:22 [notice] 1#1: getrlimit(RLIMIT_NOFILE): 1048576:1048576
2025/10/18 15:57:22 [notice] 1#1: start worker processes
2025/10/18 15:57:22 [notice] 1#1: start worker process 28
2025/10/18 15:57:22 [notice] 1#1: start worker process 29
2025/10/18 15:57:22 [notice] 1#1: start worker process 30
2025/10/18 15:57:22 [notice] 1#1: start worker process 31
2025/10/18 15:57:22 [notice] 1#1: start worker process 32
2025/10/18 15:57:22 [notice] 1#1: start worker process 33
2025/10/18 15:57:22 [notice] 1#1: start worker process 34
2025/10/18 15:57:22 [notice] 1#1: start worker process 35
2025/10/18 16:00:35 [error] 28#28: *1 open() "/usr/share/nginx/html/favicon.ico" failed (2: No such file or directory), client: 172.22.0.1, server: localhost, request: "GET /favicon.ico HTTP/1.1", host: "localhost:8080", referrer: "http://localhost:8080/"
