# Logfile created on 2025-09-17 15:35:02 +0000 by logger.rb/v1.7.0
{"severity":"DEBUG","time":"2025-09-17T15:35:02.409Z","correlation_id":null,"event":"setup","model":"ActiveRecord::Base","start_service_discovery":false}
{"severity":"DEBUG","time":"2025-09-17T15:35:02.409Z","correlation_id":null,"event":"setup","model":"ActiveRecord::Base","start_service_discovery":true}
{"severity":"DEBUG","time":"2025-09-17T15:35:02.410Z","correlation_id":null,"event":"setup","model":"Ci::ApplicationRecord","start_service_discovery":false}
{"severity":"DEBUG","time":"2025-09-17T15:35:02.411Z","correlation_id":null,"event":"setup","model":"Ci::ApplicationRecord","start_service_discovery":true}
{"severity":"DEBUG","time":"2025-09-17T15:35:42.552Z","correlation_id":null,"event":"setup","model":"ActiveRecord::Base","start_service_discovery":false}
{"severity":"DEBUG","time":"2025-09-17T15:35:42.552Z","correlation_id":null,"event":"setup","model":"ActiveRecord::Base","start_service_discovery":true}
{"severity":"DEBUG","time":"2025-09-17T15:35:42.553Z","correlation_id":null,"event":"setup","model":"Ci::ApplicationRecord","start_service_discovery":false}
{"severity":"DEBUG","time":"2025-09-17T15:35:42.554Z","correlation_id":null,"event":"setup","model":"Ci::ApplicationRecord","start_service_discovery":true}
{"severity":"DEBUG","time":"2025-09-17T15:36:07.391Z","correlation_id":null,"event":"setup","model":"ActiveRecord::Base","start_service_discovery":false}
{"severity":"DEBUG","time":"2025-09-17T15:36:07.391Z","correlation_id":null,"event":"setup","model":"Ci::ApplicationRecord","start_service_discovery":false}
{"severity":"DEBUG","time":"2025-09-17T15:36:15.932Z","correlation_id":null,"event":"setup","model":"ActiveRecord::Base","start_service_discovery":false}
{"severity":"DEBUG","time":"2025-09-17T15:36:15.933Z","correlation_id":null,"event":"setup","model":"ActiveRecord::Base","start_service_discovery":true}
{"severity":"DEBUG","time":"2025-09-17T15:36:15.934Z","correlation_id":null,"event":"setup","model":"Ci::ApplicationRecord","start_service_discovery":false}
{"severity":"DEBUG","time":"2025-09-17T15:36:15.934Z","correlation_id":null,"event":"setup","model":"Ci::ApplicationRecord","start_service_discovery":true}
{"severity":"DEBUG","time":"2025-09-17T15:36:26.980Z","correlation_id":null,"event":"setup","model":"ActiveRecord::Base","start_service_discovery":true}
{"severity":"DEBUG","time":"2025-09-17T15:36:26.982Z","correlation_id":null,"event":"setup","model":"Ci::ApplicationRecord","start_service_discovery":true}
{"severity":"DEBUG","time":"2025-09-17T15:36:27.058Z","correlation_id":null,"event":"setup","model":"ActiveRecord::Base","start_service_discovery":true}
{"severity":"DEBUG","time":"2025-09-17T15:36:27.060Z","correlation_id":null,"event":"setup","model":"Ci::ApplicationRecord","start_service_discovery":true}
{"severity":"DEBUG","time":"2025-09-17T15:36:27.066Z","correlation_id":null,"event":"setup","model":"ActiveRecord::Base","start_service_discovery":true}
{"severity":"DEBUG","time":"2025-09-17T15:36:27.068Z","correlation_id":null,"event":"setup","model":"Ci::ApplicationRecord","start_service_discovery":true}
{"severity":"DEBUG","time":"2025-09-17T15:36:27.077Z","correlation_id":null,"event":"setup","model":"ActiveRecord::Base","start_service_discovery":true}
{"severity":"DEBUG","time":"2025-09-17T15:36:27.078Z","correlation_id":null,"event":"setup","model":"Ci::ApplicationRecord","start_service_discovery":true}
{"severity":"DEBUG","time":"2025-09-17T15:36:27.140Z","correlation_id":null,"event":"setup","model":"ActiveRecord::Base","start_service_discovery":true}
{"severity":"DEBUG","time":"2025-09-17T15:36:27.140Z","correlation_id":null,"event":"setup","model":"ActiveRecord::Base","start_service_discovery":true}
{"severity":"DEBUG","time":"2025-09-17T15:36:27.142Z","correlation_id":null,"event":"setup","model":"Ci::ApplicationRecord","start_service_discovery":true}
{"severity":"DEBUG","time":"2025-09-17T15:36:27.142Z","correlation_id":null,"event":"setup","model":"Ci::ApplicationRecord","start_service_discovery":true}
{"severity":"DEBUG","time":"2025-09-17T15:36:27.173Z","correlation_id":null,"event":"setup","model":"ActiveRecord::Base","start_service_discovery":true}
{"severity":"DEBUG","time":"2025-09-17T15:36:27.174Z","correlation_id":null,"event":"setup","model":"Ci::ApplicationRecord","start_service_discovery":true}
{"severity":"DEBUG","time":"2025-09-17T15:36:27.234Z","correlation_id":null,"event":"setup","model":"ActiveRecord::Base","start_service_discovery":true}
{"severity":"DEBUG","time":"2025-09-17T15:36:27.236Z","correlation_id":null,"event":"setup","model":"Ci::ApplicationRecord","start_service_discovery":true}
{"severity":"DEBUG","time":"2025-09-17T15:36:55.847Z","correlation_id":null,"event":"setup","model":"ActiveRecord::Base","start_service_discovery":false}
{"severity":"DEBUG","time":"2025-09-17T15:36:55.847Z","correlation_id":null,"event":"setup","model":"ActiveRecord::Base","start_service_discovery":true}
{"severity":"DEBUG","time":"2025-09-17T15:36:55.848Z","correlation_id":null,"event":"setup","model":"Ci::ApplicationRecord","start_service_discovery":false}
{"severity":"DEBUG","time":"2025-09-17T15:36:55.849Z","correlation_id":null,"event":"setup","model":"Ci::ApplicationRecord","start_service_discovery":true}
